AndroidStudioProjects/svn/manageXPence/library LVL/build/outputs/logs/manifest-merger-debug-report.txt
-- Merging decision tree log ---
manifest
ADDED from src/main/AndroidManifest.xml:16:1-24:12
INJECTED from src/main/AndroidManifest.xml:16:1-24:12
INJECTED from src/main/AndroidManifest.xml:16:1-24:12
INJECTED from src/main/AndroidManifest.xml:16:1-24:12
INJECTED from src/main/AndroidManifest.xml:16:1-24:12
INJECTED from src/main/AndroidManifest.xml:16:1-24:12
INJECTED from src/main/AndroidManifest.xml:16:1-24:12
	package
		ADDED from src/main/AndroidManifest.xml:17:5-51
		INJECTED from src/main/AndroidManifest.xml
		INJECTED from src/main/AndroidManifest.xml
	android:versionName
		ADDED from src/main/AndroidManifest.xml:19:5-30
		INJECTED from src/main/AndroidManifest.xml
		INJECTED from src/main/AndroidManifest.xml
	xmlns:android
		ADDED from src/main/AndroidManifest.xml:16:11-69
	android:versionCode
		ADDED from src/main/AndroidManifest.xml:18:5-28
		INJECTED from src/main/AndroidManifest.xml
		INJECTED from src/main/AndroidManifest.xml
uses-sdk
ADDED from src/main/AndroidManifest.xml:21:5-17
INJECTED from src/main/AndroidManifest.xml:21:5-17
INJECTED from src/main/AndroidManifest.xml:21:5-17
INJECTED from src/main/AndroidManifest.xml:21:5-17
INJECTED from src/main/AndroidManifest.xml:21:5-17
	android:targetSdkVersion
		INJECTED from src/main/AndroidManifest.xml
		ADDED from src/main/AndroidManifest.xml:21:5-17
		INJECTED from src/main/AndroidManifest.xml
	android:minSdkVersion
		INJECTED from src/main/AndroidManifest.xml
		ADDED from src/main/AndroidManifest.xml:21:5-17
		INJECTED from src/main/AndroidManifest.xml
uses-permission#com.android.vending.CHECK_LICENSE
ADDED from src/main/AndroidManifest.xml:23:5-73
	android:name
		ADDED from src/main/AndroidManifest.xml:23:22-70